{"/Users/gabrielmartins/Documentos/Projetos/apps/gofinances/src/components/Form/Button/index.tsx": {"path":"/Users/gabrielmartins/Documentos/Projetos/apps/gofinances/src/components/Form/Button/index.tsx","statementMap":{"0":{"start":{"line":14,"column":2},"end":{"line":18,"column":4}}},"fnMap":{"0":{"name":"Button","decl":{"start":{"line":13,"column":16},"end":{"line":13,"column":22}},"loc":{"start":{"line":13,"column":58},"end":{"line":19,"column":1}},"line":13}},"branchMap":{},"s":{"0":4},"f":{"0":4},"b":{},"_coverageSchema":"1a1c01bbd47fc00a2c39e90264f33305004495a9","hash":"e748ad499fe9e1b477f4db63d6b174f376fba00a"}
,"/Users/gabrielmartins/Documentos/Projetos/apps/gofinances/src/components/Form/Button/styles.ts": {"path":"/Users/gabrielmartins/Documentos/Projetos/apps/gofinances/src/components/Form/Button/styles.ts","statementMap":{"0":{"start":{"line":5,"column":25},"end":{"line":12,"column":1}},"1":{"start":{"line":7,"column":37},"end":{"line":7,"column":59}},"2":{"start":{"line":14,"column":21},"end":{"line":19,"column":1}},"3":{"start":{"line":15,"column":32},"end":{"line":15,"column":50}},"4":{"start":{"line":18,"column":26},"end":{"line":18,"column":44}}},"fnMap":{"0":{"name":"(anonymous_0)","decl":{"start":{"line":7,"column":22},"end":{"line":7,"column":23}},"loc":{"start":{"line":7,"column":37},"end":{"line":7,"column":59}},"line":7},"1":{"name":"(anonymous_1)","decl":{"start":{"line":15,"column":17},"end":{"line":15,"column":18}},"loc":{"start":{"line":15,"column":32},"end":{"line":15,"column":50}},"line":15},"2":{"name":"(anonymous_2)","decl":{"start":{"line":18,"column":11},"end":{"line":18,"column":12}},"loc":{"start":{"line":18,"column":26},"end":{"line":18,"column":44}},"line":18}},"branchMap":{},"s":{"0":1,"1":4,"2":1,"3":4,"4":4},"f":{"0":4,"1":4,"2":4},"b":{},"_coverageSchema":"1a1c01bbd47fc00a2c39e90264f33305004495a9","hash":"f13b54949f3f69140f64d3d40f49c516b4ae4f9d"}
,"/Users/gabrielmartins/Documentos/Projetos/apps/gofinances/src/components/Form/CategorySelectButton/index.tsx": {"path":"/Users/gabrielmartins/Documentos/Projetos/apps/gofinances/src/components/Form/CategorySelectButton/index.tsx","statementMap":{"0":{"start":{"line":15,"column":2},"end":{"line":20,"column":4}}},"fnMap":{"0":{"name":"CategorySelectButton","decl":{"start":{"line":14,"column":16},"end":{"line":14,"column":36}},"loc":{"start":{"line":14,"column":71},"end":{"line":21,"column":1}},"line":14}},"branchMap":{},"s":{"0":2},"f":{"0":2},"b":{},"_coverageSchema":"1a1c01bbd47fc00a2c39e90264f33305004495a9","hash":"a26504c1471b1e2959302c3422ba28bff49324c9"}
,"/Users/gabrielmartins/Documentos/Projetos/apps/gofinances/src/components/Form/CategorySelectButton/styles.ts": {"path":"/Users/gabrielmartins/Documentos/Projetos/apps/gofinances/src/components/Form/CategorySelectButton/styles.ts","statementMap":{"0":{"start":{"line":6,"column":25},"end":{"line":16,"column":1}},"1":{"start":{"line":9,"column":37},"end":{"line":9,"column":55}},"2":{"start":{"line":18,"column":24},"end":{"line":21,"column":1}},"3":{"start":{"line":19,"column":32},"end":{"line":19,"column":51}},"4":{"start":{"line":23,"column":20},"end":{"line":26,"column":1}},"5":{"start":{"line":25,"column":26},"end":{"line":25,"column":43}}},"fnMap":{"0":{"name":"(anonymous_0)","decl":{"start":{"line":9,"column":22},"end":{"line":9,"column":23}},"loc":{"start":{"line":9,"column":37},"end":{"line":9,"column":55}},"line":9},"1":{"name":"(anonymous_1)","decl":{"start":{"line":19,"column":17},"end":{"line":19,"column":18}},"loc":{"start":{"line":19,"column":32},"end":{"line":19,"column":51}},"line":19},"2":{"name":"(anonymous_2)","decl":{"start":{"line":25,"column":11},"end":{"line":25,"column":12}},"loc":{"start":{"line":25,"column":26},"end":{"line":25,"column":43}},"line":25}},"branchMap":{},"s":{"0":1,"1":2,"2":1,"3":2,"4":1,"5":2},"f":{"0":2,"1":2,"2":2},"b":{},"_coverageSchema":"1a1c01bbd47fc00a2c39e90264f33305004495a9","hash":"f158b81cdbad0672273373295c3e36342f853956"}
,"/Users/gabrielmartins/Documentos/Projetos/apps/gofinances/src/components/Form/Input/index.tsx": {"path":"/Users/gabrielmartins/Documentos/Projetos/apps/gofinances/src/components/Form/Input/index.tsx","statementMap":{"0":{"start":{"line":9,"column":2},"end":{"line":11,"column":3}}},"fnMap":{"0":{"name":"Input","decl":{"start":{"line":8,"column":16},"end":{"line":8,"column":21}},"loc":{"start":{"line":8,"column":39},"end":{"line":12,"column":1}},"line":8}},"branchMap":{},"s":{"0":4},"f":{"0":4},"b":{},"_coverageSchema":"1a1c01bbd47fc00a2c39e90264f33305004495a9","hash":"7f37325838207ffd7c246560173393dcd1bfd139"}
,"/Users/gabrielmartins/Documentos/Projetos/apps/gofinances/src/components/Form/Input/styles.ts": {"path":"/Users/gabrielmartins/Documentos/Projetos/apps/gofinances/src/components/Form/Input/styles.ts","statementMap":{"0":{"start":{"line":5,"column":25},"end":{"line":17,"column":1}},"1":{"start":{"line":9,"column":32},"end":{"line":9,"column":51}},"2":{"start":{"line":12,"column":37},"end":{"line":12,"column":55}},"3":{"start":{"line":13,"column":26},"end":{"line":13,"column":48}}},"fnMap":{"0":{"name":"(anonymous_0)","decl":{"start":{"line":9,"column":17},"end":{"line":9,"column":18}},"loc":{"start":{"line":9,"column":32},"end":{"line":9,"column":51}},"line":9},"1":{"name":"(anonymous_1)","decl":{"start":{"line":12,"column":22},"end":{"line":12,"column":23}},"loc":{"start":{"line":12,"column":37},"end":{"line":12,"column":55}},"line":12},"2":{"name":"(anonymous_2)","decl":{"start":{"line":13,"column":11},"end":{"line":13,"column":12}},"loc":{"start":{"line":13,"column":26},"end":{"line":13,"column":48}},"line":13}},"branchMap":{},"s":{"0":1,"1":4,"2":4,"3":4},"f":{"0":4,"1":4,"2":4},"b":{},"_coverageSchema":"1a1c01bbd47fc00a2c39e90264f33305004495a9","hash":"8eeeb035a978e95da3dc88669d55e42e758e6dc7"}
,"/Users/gabrielmartins/Documentos/Projetos/apps/gofinances/src/components/Form/InputForm/index.tsx": {"path":"/Users/gabrielmartins/Documentos/Projetos/apps/gofinances/src/components/Form/InputForm/index.tsx","statementMap":{"0":{"start":{"line":15,"column":2},"end":{"line":26,"column":4}},"1":{"start":{"line":21,"column":10},"end":{"line":21,"column":67}}},"fnMap":{"0":{"name":"InputForm","decl":{"start":{"line":14,"column":16},"end":{"line":14,"column":25}},"loc":{"start":{"line":14,"column":67},"end":{"line":27,"column":1}},"line":14},"1":{"name":"(anonymous_1)","decl":{"start":{"line":20,"column":16},"end":{"line":20,"column":17}},"loc":{"start":{"line":21,"column":10},"end":{"line":21,"column":67}},"line":21}},"branchMap":{"0":{"loc":{"start":{"line":24,"column":7},"end":{"line":24,"column":38}},"type":"binary-expr","locations":[{"start":{"line":24,"column":7},"end":{"line":24,"column":12}},{"start":{"line":24,"column":16},"end":{"line":24,"column":38}}],"line":24}},"s":{"0":4,"1":4},"f":{"0":4,"1":4},"b":{"0":[4,0]},"_coverageSchema":"1a1c01bbd47fc00a2c39e90264f33305004495a9","hash":"22720ac927cf94adb4d0dee81582f135d15bc1b2"}
,"/Users/gabrielmartins/Documentos/Projetos/apps/gofinances/src/components/Form/InputForm/styles.ts": {"path":"/Users/gabrielmartins/Documentos/Projetos/apps/gofinances/src/components/Form/InputForm/styles.ts","statementMap":{"0":{"start":{"line":4,"column":25},"end":{"line":6,"column":1}},"1":{"start":{"line":8,"column":21},"end":{"line":14,"column":1}},"2":{"start":{"line":10,"column":32},"end":{"line":10,"column":51}},"3":{"start":{"line":11,"column":26},"end":{"line":11,"column":48}}},"fnMap":{"0":{"name":"(anonymous_0)","decl":{"start":{"line":10,"column":17},"end":{"line":10,"column":18}},"loc":{"start":{"line":10,"column":32},"end":{"line":10,"column":51}},"line":10},"1":{"name":"(anonymous_1)","decl":{"start":{"line":11,"column":11},"end":{"line":11,"column":12}},"loc":{"start":{"line":11,"column":26},"end":{"line":11,"column":48}},"line":11}},"branchMap":{},"s":{"0":1,"1":1,"2":0,"3":0},"f":{"0":0,"1":0},"b":{},"_coverageSchema":"1a1c01bbd47fc00a2c39e90264f33305004495a9","hash":"8641ededd974e9a5c29608b973ad2d15e83e6a9c"}
,"/Users/gabrielmartins/Documentos/Projetos/apps/gofinances/src/components/Form/TransactionTypeButton/index.tsx": {"path":"/Users/gabrielmartins/Documentos/Projetos/apps/gofinances/src/components/Form/TransactionTypeButton/index.tsx","statementMap":{"0":{"start":{"line":16,"column":13},"end":{"line":19,"column":1}},"1":{"start":{"line":22,"column":2},"end":{"line":29,"column":4}}},"fnMap":{"0":{"name":"TransactionTypeButton","decl":{"start":{"line":21,"column":16},"end":{"line":21,"column":37}},"loc":{"start":{"line":21,"column":80},"end":{"line":30,"column":1}},"line":21}},"branchMap":{},"s":{"0":1,"1":4},"f":{"0":4},"b":{},"_coverageSchema":"1a1c01bbd47fc00a2c39e90264f33305004495a9","hash":"a214529c95ad6e763145b84b6d59b648abdcddee"}
,"/Users/gabrielmartins/Documentos/Projetos/apps/gofinances/src/components/Form/TransactionTypeButton/styles.ts": {"path":"/Users/gabrielmartins/Documentos/Projetos/apps/gofinances/src/components/Form/TransactionTypeButton/styles.ts","statementMap":{"0":{"start":{"line":15,"column":25},"end":{"line":30,"column":1}},"1":{"start":{"line":18,"column":36},"end":{"line":18,"column":54}},"2":{"start":{"line":20,"column":33},"end":{"line":20,"column":50}},"3":{"start":{"line":23,"column":28},"end":{"line":25,"column":3}},"4":{"start":{"line":24,"column":40},"end":{"line":24,"column":66}},"5":{"start":{"line":27,"column":28},"end":{"line":29,"column":3}},"6":{"start":{"line":28,"column":40},"end":{"line":28,"column":68}},"7":{"start":{"line":32,"column":21},"end":{"line":35,"column":1}},"8":{"start":{"line":33,"column":32},"end":{"line":33,"column":51}},"9":{"start":{"line":37,"column":20},"end":{"line":42,"column":1}},"10":{"start":{"line":41,"column":32},"end":{"line":41,"column":93}},"11":{"start":{"line":44,"column":22},"end":{"line":50,"column":1}}},"fnMap":{"0":{"name":"(anonymous_0)","decl":{"start":{"line":18,"column":18},"end":{"line":18,"column":19}},"loc":{"start":{"line":18,"column":36},"end":{"line":18,"column":54}},"line":18},"1":{"name":"(anonymous_1)","decl":{"start":{"line":20,"column":18},"end":{"line":20,"column":19}},"loc":{"start":{"line":20,"column":33},"end":{"line":20,"column":50}},"line":20},"2":{"name":"(anonymous_2)","decl":{"start":{"line":23,"column":4},"end":{"line":23,"column":5}},"loc":{"start":{"line":23,"column":28},"end":{"line":25,"column":3}},"line":23},"3":{"name":"(anonymous_3)","decl":{"start":{"line":24,"column":24},"end":{"line":24,"column":25}},"loc":{"start":{"line":24,"column":40},"end":{"line":24,"column":66}},"line":24},"4":{"name":"(anonymous_4)","decl":{"start":{"line":27,"column":4},"end":{"line":27,"column":5}},"loc":{"start":{"line":27,"column":28},"end":{"line":29,"column":3}},"line":27},"5":{"name":"(anonymous_5)","decl":{"start":{"line":28,"column":24},"end":{"line":28,"column":25}},"loc":{"start":{"line":28,"column":40},"end":{"line":28,"column":68}},"line":28},"6":{"name":"(anonymous_6)","decl":{"start":{"line":33,"column":17},"end":{"line":33,"column":18}},"loc":{"start":{"line":33,"column":32},"end":{"line":33,"column":51}},"line":33},"7":{"name":"(anonymous_7)","decl":{"start":{"line":41,"column":11},"end":{"line":41,"column":12}},"loc":{"start":{"line":41,"column":32},"end":{"line":41,"column":93}},"line":41}},"branchMap":{"0":{"loc":{"start":{"line":18,"column":36},"end":{"line":18,"column":54}},"type":"cond-expr","locations":[{"start":{"line":18,"column":47},"end":{"line":18,"column":48}},{"start":{"line":18,"column":51},"end":{"line":18,"column":54}}],"line":18},"1":{"loc":{"start":{"line":23,"column":28},"end":{"line":25,"column":3}},"type":"binary-expr","locations":[{"start":{"line":23,"column":28},"end":{"line":23,"column":36}},{"start":{"line":23,"column":40},"end":{"line":23,"column":53}},{"start":{"line":23,"column":57},"end":{"line":25,"column":3}}],"line":23},"2":{"loc":{"start":{"line":27,"column":28},"end":{"line":29,"column":3}},"type":"binary-expr","locations":[{"start":{"line":27,"column":28},"end":{"line":27,"column":36}},{"start":{"line":27,"column":40},"end":{"line":27,"column":55}},{"start":{"line":27,"column":59},"end":{"line":29,"column":3}}],"line":27},"3":{"loc":{"start":{"line":41,"column":32},"end":{"line":41,"column":93}},"type":"cond-expr","locations":[{"start":{"line":41,"column":48},"end":{"line":41,"column":68}},{"start":{"line":41,"column":71},"end":{"line":41,"column":93}}],"line":41}},"s":{"0":1,"1":4,"2":4,"3":4,"4":0,"5":4,"6":0,"7":1,"8":4,"9":1,"10":4,"11":1},"f":{"0":4,"1":4,"2":4,"3":0,"4":4,"5":0,"6":4,"7":4},"b":{"0":[0,4],"1":[4,0,0],"2":[4,0,0],"3":[2,2]},"_coverageSchema":"1a1c01bbd47fc00a2c39e90264f33305004495a9","hash":"71ff5cf5480a0b69dd6bbc1d10ce3e4aa18a57e7"}
,"/Users/gabrielmartins/Documentos/Projetos/apps/gofinances/src/global/styles/theme.ts": {"path":"/Users/gabrielmartins/Documentos/Projetos/apps/gofinances/src/global/styles/theme.ts","statementMap":{},"fnMap":{},"branchMap":{},"s":{},"f":{},"b":{},"_coverageSchema":"1a1c01bbd47fc00a2c39e90264f33305004495a9","hash":"966b2d34206abbb4693bc0b4e452776e2c592e3d"}
,"/Users/gabrielmartins/Documentos/Projetos/apps/gofinances/src/hooks/auth.tsx": {"path":"/Users/gabrielmartins/Documentos/Projetos/apps/gofinances/src/hooks/auth.tsx","statementMap":{"0":{"start":{"line":12,"column":22},"end":{"line":12,"column":33}},"1":{"start":{"line":13,"column":25},"end":{"line":13,"column":36}},"2":{"start":{"line":41,"column":20},"end":{"line":41,"column":56}},"3":{"start":{"line":44,"column":26},"end":{"line":44,"column":52}},"4":{"start":{"line":45,"column":54},"end":{"line":45,"column":68}},"5":{"start":{"line":46,"column":25},"end":{"line":46,"column":43}},"6":{"start":{"line":48,"column":2},"end":{"line":61,"column":8}},"7":{"start":{"line":50,"column":26},"end":{"line":50,"column":68}},"8":{"start":{"line":52,"column":6},"end":{"line":56,"column":7}},"9":{"start":{"line":53,"column":27},"end":{"line":53,"column":58}},"10":{"start":{"line":55,"column":8},"end":{"line":55,"column":28}},"11":{"start":{"line":57,"column":6},"end":{"line":57,"column":34}},"12":{"start":{"line":60,"column":4},"end":{"line":60,"column":26}},"13":{"start":{"line":63,"column":2},"end":{"line":67,"column":3}},"14":{"start":{"line":70,"column":4},"end":{"line":95,"column":5}},"15":{"start":{"line":71,"column":28},"end":{"line":71,"column":35}},"16":{"start":{"line":72,"column":20},"end":{"line":72,"column":46}},"17":{"start":{"line":74,"column":24},"end":{"line":74,"column":70}},"18":{"start":{"line":75,"column":22},"end":{"line":75,"column":134}},"19":{"start":{"line":76,"column":31},"end":{"line":76,"column":97}},"20":{"start":{"line":78,"column":6},"end":{"line":92,"column":7}},"21":{"start":{"line":79,"column":25},"end":{"line":79,"column":131}},"22":{"start":{"line":80,"column":25},"end":{"line":80,"column":46}},"23":{"start":{"line":82,"column":25},"end":{"line":87,"column":9}},"24":{"start":{"line":89,"column":8},"end":{"line":89,"column":25}},"25":{"start":{"line":91,"column":8},"end":{"line":91,"column":77}},"26":{"start":{"line":94,"column":6},"end":{"line":94,"column":39}},"27":{"start":{"line":99,"column":4},"end":{"line":121,"column":5}},"28":{"start":{"line":100,"column":23},"end":{"line":105,"column":8}},"29":{"start":{"line":107,"column":6},"end":{"line":117,"column":7}},"30":{"start":{"line":108,"column":27},"end":{"line":113,"column":9}},"31":{"start":{"line":115,"column":8},"end":{"line":115,"column":27}},"32":{"start":{"line":116,"column":8},"end":{"line":116,"column":79}},"33":{"start":{"line":120,"column":6},"end":{"line":120,"column":38}},"34":{"start":{"line":125,"column":4},"end":{"line":125,"column":24}},"35":{"start":{"line":126,"column":4},"end":{"line":126,"column":49}},"36":{"start":{"line":131,"column":18},"end":{"line":131,"column":41}},"37":{"start":{"line":133,"column":2},"end":{"line":133,"column":17}}},"fnMap":{"0":{"name":"AuthProvider","decl":{"start":{"line":43,"column":9},"end":{"line":43,"column":21}},"loc":{"start":{"line":43,"column":54},"end":{"line":128,"column":1}},"line":43},"1":{"name":"(anonymous_1)","decl":{"start":{"line":48,"column":12},"end":{"line":48,"column":13}},"loc":{"start":{"line":48,"column":18},"end":{"line":61,"column":3}},"line":48},"2":{"name":"loadUserStorageData","decl":{"start":{"line":49,"column":19},"end":{"line":49,"column":38}},"loc":{"start":{"line":49,"column":40},"end":{"line":58,"column":5}},"line":49},"3":{"name":"signInWithGoogle","decl":{"start":{"line":69,"column":17},"end":{"line":69,"column":33}},"loc":{"start":{"line":69,"column":35},"end":{"line":96,"column":3}},"line":69},"4":{"name":"signInWithApple","decl":{"start":{"line":98,"column":17},"end":{"line":98,"column":32}},"loc":{"start":{"line":98,"column":34},"end":{"line":122,"column":3}},"line":98},"5":{"name":"signOut","decl":{"start":{"line":124,"column":17},"end":{"line":124,"column":24}},"loc":{"start":{"line":124,"column":26},"end":{"line":127,"column":3}},"line":124},"6":{"name":"useAuth","decl":{"start":{"line":130,"column":9},"end":{"line":130,"column":16}},"loc":{"start":{"line":130,"column":18},"end":{"line":134,"column":1}},"line":130}},"branchMap":{"0":{"loc":{"start":{"line":52,"column":6},"end":{"line":56,"column":7}},"type":"if","locations":[{"start":{"line":52,"column":6},"end":{"line":56,"column":7}},{"start":{},"end":{}}],"line":52},"1":{"loc":{"start":{"line":78,"column":6},"end":{"line":92,"column":7}},"type":"if","locations":[{"start":{"line":78,"column":6},"end":{"line":92,"column":7}},{"start":{},"end":{}}],"line":78},"2":{"loc":{"start":{"line":107,"column":6},"end":{"line":117,"column":7}},"type":"if","locations":[{"start":{"line":107,"column":6},"end":{"line":117,"column":7}},{"start":{},"end":{}}],"line":107}},"s":{"0":2,"1":2,"2":2,"3":5,"4":5,"5":5,"6":5,"7":2,"8":2,"9":0,"10":0,"11":2,"12":2,"13":5,"14":2,"15":2,"16":2,"17":2,"18":2,"19":2,"20":2,"21":1,"22":1,"23":1,"24":1,"25":1,"26":0,"27":0,"28":0,"29":0,"30":0,"31":0,"32":0,"33":0,"34":0,"35":0,"36":7,"37":7},"f":{"0":5,"1":2,"2":2,"3":2,"4":0,"5":0,"6":7},"b":{"0":[0,2],"1":[1,1],"2":[0,0]},"_coverageSchema":"1a1c01bbd47fc00a2c39e90264f33305004495a9","hash":"6a87ad541df05d07164ed8270443f2c13c48ceb6"}
,"/Users/gabrielmartins/Documentos/Projetos/apps/gofinances/src/screens/CategorySelect/index.tsx": {"path":"/Users/gabrielmartins/Documentos/Projetos/apps/gofinances/src/screens/CategorySelect/index.tsx","statementMap":{"0":{"start":{"line":30,"column":4},"end":{"line":30,"column":22}},"1":{"start":{"line":33,"column":2},"end":{"line":56,"column":4}},"2":{"start":{"line":42,"column":32},"end":{"line":42,"column":40}},"3":{"start":{"line":44,"column":10},"end":{"line":47,"column":21}},"4":{"start":{"line":44,"column":35},"end":{"line":44,"column":61}},"5":{"start":{"line":49,"column":38},"end":{"line":49,"column":51}}},"fnMap":{"0":{"name":"CategorySelect","decl":{"start":{"line":28,"column":16},"end":{"line":28,"column":30}},"loc":{"start":{"line":28,"column":85},"end":{"line":57,"column":1}},"line":28},"1":{"name":"handleCategorySelect","decl":{"start":{"line":29,"column":11},"end":{"line":29,"column":31}},"loc":{"start":{"line":29,"column":47},"end":{"line":31,"column":3}},"line":29},"2":{"name":"(anonymous_2)","decl":{"start":{"line":42,"column":22},"end":{"line":42,"column":23}},"loc":{"start":{"line":42,"column":32},"end":{"line":42,"column":40}},"line":42},"3":{"name":"(anonymous_3)","decl":{"start":{"line":43,"column":20},"end":{"line":43,"column":21}},"loc":{"start":{"line":44,"column":10},"end":{"line":47,"column":21}},"line":44},"4":{"name":"(anonymous_4)","decl":{"start":{"line":44,"column":29},"end":{"line":44,"column":30}},"loc":{"start":{"line":44,"column":35},"end":{"line":44,"column":61}},"line":44},"5":{"name":"(anonymous_5)","decl":{"start":{"line":49,"column":32},"end":{"line":49,"column":33}},"loc":{"start":{"line":49,"column":38},"end":{"line":49,"column":51}},"line":49}},"branchMap":{},"s":{"0":0,"1":2,"2":12,"3":12,"4":0,"5":10},"f":{"0":2,"1":0,"2":12,"3":12,"4":0,"5":10},"b":{},"_coverageSchema":"1a1c01bbd47fc00a2c39e90264f33305004495a9","hash":"2ce61712d5184fcd6c24e1ab11b179349fbac555"}
,"/Users/gabrielmartins/Documentos/Projetos/apps/gofinances/src/screens/CategorySelect/styles.ts": {"path":"/Users/gabrielmartins/Documentos/Projetos/apps/gofinances/src/screens/CategorySelect/styles.ts","statementMap":{"0":{"start":{"line":11,"column":25},"end":{"line":14,"column":1}},"1":{"start":{"line":13,"column":37},"end":{"line":13,"column":60}},"2":{"start":{"line":16,"column":22},"end":{"line":25,"column":1}},"3":{"start":{"line":20,"column":37},"end":{"line":20,"column":57}},"4":{"start":{"line":27,"column":21},"end":{"line":31,"column":1}},"5":{"start":{"line":28,"column":32},"end":{"line":28,"column":51}},"6":{"start":{"line":30,"column":26},"end":{"line":30,"column":44}},"7":{"start":{"line":33,"column":24},"end":{"line":41,"column":1}},"8":{"start":{"line":40,"column":47},"end":{"line":40,"column":112}},"9":{"start":{"line":43,"column":20},"end":{"line":46,"column":1}},"10":{"start":{"line":48,"column":25},"end":{"line":52,"column":1}},"11":{"start":{"line":51,"column":37},"end":{"line":51,"column":54}},"12":{"start":{"line":54,"column":20},"end":{"line":57,"column":1}},"13":{"start":{"line":55,"column":32},"end":{"line":55,"column":51}},"14":{"start":{"line":59,"column":22},"end":{"line":62,"column":1}}},"fnMap":{"0":{"name":"(anonymous_0)","decl":{"start":{"line":13,"column":22},"end":{"line":13,"column":23}},"loc":{"start":{"line":13,"column":37},"end":{"line":13,"column":60}},"line":13},"1":{"name":"(anonymous_1)","decl":{"start":{"line":20,"column":22},"end":{"line":20,"column":23}},"loc":{"start":{"line":20,"column":37},"end":{"line":20,"column":57}},"line":20},"2":{"name":"(anonymous_2)","decl":{"start":{"line":28,"column":17},"end":{"line":28,"column":18}},"loc":{"start":{"line":28,"column":32},"end":{"line":28,"column":51}},"line":28},"3":{"name":"(anonymous_3)","decl":{"start":{"line":30,"column":11},"end":{"line":30,"column":12}},"loc":{"start":{"line":30,"column":26},"end":{"line":30,"column":44}},"line":30},"4":{"name":"(anonymous_4)","decl":{"start":{"line":40,"column":22},"end":{"line":40,"column":23}},"loc":{"start":{"line":40,"column":47},"end":{"line":40,"column":112}},"line":40},"5":{"name":"(anonymous_5)","decl":{"start":{"line":51,"column":22},"end":{"line":51,"column":23}},"loc":{"start":{"line":51,"column":37},"end":{"line":51,"column":54}},"line":51},"6":{"name":"(anonymous_6)","decl":{"start":{"line":55,"column":17},"end":{"line":55,"column":18}},"loc":{"start":{"line":55,"column":32},"end":{"line":55,"column":51}},"line":55}},"branchMap":{"0":{"loc":{"start":{"line":40,"column":47},"end":{"line":40,"column":112}},"type":"cond-expr","locations":[{"start":{"line":40,"column":58},"end":{"line":40,"column":86}},{"start":{"line":40,"column":89},"end":{"line":40,"column":112}}],"line":40}},"s":{"0":1,"1":2,"2":1,"3":2,"4":1,"5":2,"6":2,"7":1,"8":12,"9":1,"10":1,"11":10,"12":1,"13":12,"14":1},"f":{"0":2,"1":2,"2":2,"3":2,"4":12,"5":10,"6":12},"b":{"0":[0,12]},"_coverageSchema":"1a1c01bbd47fc00a2c39e90264f33305004495a9","hash":"e17807c8b2e7ab54b1a71f09013238ec8d94b8cf"}
,"/Users/gabrielmartins/Documentos/Projetos/apps/gofinances/src/screens/Register/index.tsx": {"path":"/Users/gabrielmartins/Documentos/Projetos/apps/gofinances/src/screens/Register/index.tsx","statementMap":{"0":{"start":{"line":30,"column":15},"end":{"line":37,"column":2}},"1":{"start":{"line":41,"column":48},"end":{"line":41,"column":60}},"2":{"start":{"line":42,"column":52},"end":{"line":42,"column":67}},"3":{"start":{"line":44,"column":19},"end":{"line":44,"column":28}},"4":{"start":{"line":46,"column":34},"end":{"line":49,"column":4}},"5":{"start":{"line":51,"column":66},"end":{"line":51,"column":108}},"6":{"start":{"line":54,"column":4},"end":{"line":54,"column":29}},"7":{"start":{"line":58,"column":4},"end":{"line":58,"column":30}},"8":{"start":{"line":62,"column":4},"end":{"line":62,"column":31}},"9":{"start":{"line":66,"column":4},"end":{"line":67,"column":58}},"10":{"start":{"line":67,"column":6},"end":{"line":67,"column":58}},"11":{"start":{"line":69,"column":4},"end":{"line":70,"column":50}},"12":{"start":{"line":70,"column":6},"end":{"line":70,"column":50}},"13":{"start":{"line":72,"column":27},"end":{"line":79,"column":5}},"14":{"start":{"line":81,"column":4},"end":{"line":100,"column":5}},"15":{"start":{"line":82,"column":22},"end":{"line":82,"column":63}},"16":{"start":{"line":83,"column":19},"end":{"line":83,"column":54}},"17":{"start":{"line":84,"column":26},"end":{"line":84,"column":54}},"18":{"start":{"line":85,"column":28},"end":{"line":88,"column":7}},"19":{"start":{"line":90,"column":6},"end":{"line":90,"column":73}},"20":{"start":{"line":92,"column":6},"end":{"line":92,"column":14}},"21":{"start":{"line":93,"column":6},"end":{"line":93,"column":29}},"22":{"start":{"line":94,"column":6},"end":{"line":94,"column":58}},"23":{"start":{"line":96,"column":6},"end":{"line":96,"column":47}},"24":{"start":{"line":98,"column":6},"end":{"line":98,"column":24}},"25":{"start":{"line":99,"column":6},"end":{"line":99,"column":45}},"26":{"start":{"line":103,"column":2},"end":{"line":160,"column":4}},"27":{"start":{"line":133,"column":31},"end":{"line":133,"column":71}},"28":{"start":{"line":138,"column":31},"end":{"line":138,"column":71}}},"fnMap":{"0":{"name":"Register","decl":{"start":{"line":39,"column":16},"end":{"line":39,"column":24}},"loc":{"start":{"line":39,"column":26},"end":{"line":161,"column":1}},"line":39},"1":{"name":"handleTransactionTypesSelect","decl":{"start":{"line":53,"column":11},"end":{"line":53,"column":39}},"loc":{"start":{"line":53,"column":70},"end":{"line":55,"column":3}},"line":53},"2":{"name":"handleOpenSelectCategoryModal","decl":{"start":{"line":57,"column":11},"end":{"line":57,"column":40}},"loc":{"start":{"line":57,"column":42},"end":{"line":59,"column":3}},"line":57},"3":{"name":"handleCloseSelectCategoryModal","decl":{"start":{"line":61,"column":11},"end":{"line":61,"column":41}},"loc":{"start":{"line":61,"column":43},"end":{"line":63,"column":3}},"line":61},"4":{"name":"handleRegister","decl":{"start":{"line":65,"column":17},"end":{"line":65,"column":31}},"loc":{"start":{"line":65,"column":47},"end":{"line":101,"column":3}},"line":65},"5":{"name":"(anonymous_5)","decl":{"start":{"line":133,"column":25},"end":{"line":133,"column":26}},"loc":{"start":{"line":133,"column":31},"end":{"line":133,"column":71}},"line":133},"6":{"name":"(anonymous_6)","decl":{"start":{"line":138,"column":25},"end":{"line":138,"column":26}},"loc":{"start":{"line":138,"column":31},"end":{"line":138,"column":71}},"line":138}},"branchMap":{"0":{"loc":{"start":{"line":66,"column":4},"end":{"line":67,"column":58}},"type":"if","locations":[{"start":{"line":66,"column":4},"end":{"line":67,"column":58}},{"start":{},"end":{}}],"line":66},"1":{"loc":{"start":{"line":69,"column":4},"end":{"line":70,"column":50}},"type":"if","locations":[{"start":{"line":69,"column":4},"end":{"line":70,"column":50}},{"start":{},"end":{}}],"line":69},"2":{"loc":{"start":{"line":84,"column":26},"end":{"line":84,"column":54}},"type":"cond-expr","locations":[{"start":{"line":84,"column":33},"end":{"line":84,"column":49}},{"start":{"line":84,"column":52},"end":{"line":84,"column":54}}],"line":84},"3":{"loc":{"start":{"line":118,"column":21},"end":{"line":118,"column":55}},"type":"binary-expr","locations":[{"start":{"line":118,"column":21},"end":{"line":118,"column":32}},{"start":{"line":118,"column":36},"end":{"line":118,"column":55}}],"line":118},"4":{"loc":{"start":{"line":125,"column":21},"end":{"line":125,"column":59}},"type":"binary-expr","locations":[{"start":{"line":125,"column":21},"end":{"line":125,"column":34}},{"start":{"line":125,"column":38},"end":{"line":125,"column":59}}],"line":125}},"s":{"0":1,"1":2,"2":2,"3":2,"4":2,"5":2,"6":0,"7":1,"8":0,"9":0,"10":0,"11":0,"12":0,"13":0,"14":0,"15":0,"16":0,"17":0,"18":0,"19":0,"20":0,"21":0,"22":0,"23":0,"24":0,"25":0,"26":2,"27":0,"28":0},"f":{"0":2,"1":0,"2":1,"3":0,"4":0,"5":0,"6":0},"b":{"0":[0,0],"1":[0,0],"2":[0,0],"3":[2,0],"4":[2,0]},"_coverageSchema":"1a1c01bbd47fc00a2c39e90264f33305004495a9","hash":"c4ac5a4c2a8db37d4f0b542a5127dbca175a66cf"}
,"/Users/gabrielmartins/Documentos/Projetos/apps/gofinances/src/screens/Register/styles.ts": {"path":"/Users/gabrielmartins/Documentos/Projetos/apps/gofinances/src/screens/Register/styles.ts","statementMap":{"0":{"start":{"line":4,"column":25},"end":{"line":7,"column":1}},"1":{"start":{"line":6,"column":37},"end":{"line":6,"column":60}},"2":{"start":{"line":9,"column":22},"end":{"line":18,"column":1}},"3":{"start":{"line":10,"column":37},"end":{"line":10,"column":57}},"4":{"start":{"line":20,"column":21},"end":{"line":24,"column":1}},"5":{"start":{"line":21,"column":32},"end":{"line":21,"column":51}},"6":{"start":{"line":23,"column":26},"end":{"line":23,"column":44}},"7":{"start":{"line":26,"column":20},"end":{"line":31,"column":1}},"8":{"start":{"line":33,"column":22},"end":{"line":33,"column":35}},"9":{"start":{"line":35,"column":32},"end":{"line":41,"column":1}}},"fnMap":{"0":{"name":"(anonymous_0)","decl":{"start":{"line":6,"column":22},"end":{"line":6,"column":23}},"loc":{"start":{"line":6,"column":37},"end":{"line":6,"column":60}},"line":6},"1":{"name":"(anonymous_1)","decl":{"start":{"line":10,"column":22},"end":{"line":10,"column":23}},"loc":{"start":{"line":10,"column":37},"end":{"line":10,"column":57}},"line":10},"2":{"name":"(anonymous_2)","decl":{"start":{"line":21,"column":17},"end":{"line":21,"column":18}},"loc":{"start":{"line":21,"column":32},"end":{"line":21,"column":51}},"line":21},"3":{"name":"(anonymous_3)","decl":{"start":{"line":23,"column":11},"end":{"line":23,"column":12}},"loc":{"start":{"line":23,"column":26},"end":{"line":23,"column":44}},"line":23}},"branchMap":{},"s":{"0":1,"1":2,"2":1,"3":2,"4":1,"5":2,"6":2,"7":1,"8":1,"9":1},"f":{"0":2,"1":2,"2":2,"3":2},"b":{},"_coverageSchema":"1a1c01bbd47fc00a2c39e90264f33305004495a9","hash":"99618f3527520b0773c8b4ca0fe6bc204def37e1"}
,"/Users/gabrielmartins/Documentos/Projetos/apps/gofinances/src/utils/categories.ts": {"path":"/Users/gabrielmartins/Documentos/Projetos/apps/gofinances/src/utils/categories.ts","statementMap":{"0":{"start":{"line":1,"column":26},"end":{"line":8,"column":1}}},"fnMap":{},"branchMap":{},"s":{"0":1},"f":{},"b":{},"_coverageSchema":"1a1c01bbd47fc00a2c39e90264f33305004495a9","hash":"f109a1069db9e19e80306b0c9d260b72d6437dd8"}
}
